[ 2013-07-24 20:04:23.0403 31663/7f1d7ddb9740 agents/Watchdog/Main.cpp:445 ]: Options: { 'analytics_log_user' => 'nobody', 'default_group' => 'mwatha', 'default_python' => 'python', 'default_ruby' => '/usr/bin/ruby1.8', 'default_user' => 'mwatha', 'log_level' => '0', 'max_instances_per_app' => '0', 'max_pool_size' => '6', 'passenger_root' => '/tmp/passenger-standalone.icsnn3/locations.ini', 'pool_idle_time' => '300', 'prestart_urls' => 'aHR0cDovLzAuMC4wLjA6MzAwMAA=', 'temp_dir' => '/tmp', 'union_station_gateway_address' => 'gateway.unionstationapp.com', 'union_station_gateway_port' => '443', 'user_switching' => 'false', 'web_server_pid' => '31662', 'web_server_type' => 'nginx', 'web_server_worker_gid' => '-1', 'web_server_worker_uid' => '-1' }
[ 2013-07-24 20:04:23.0875 31666/7ffe7fefd740 agents/HelperAgent/Main.cpp:596 ]: PassengerHelperAgent online, listening at unix:/tmp/passenger.1.0.31662/generation-0/request
[ 2013-07-24 20:04:23.1579 31672/7f568e8f8740 agents/LoggingAgent/Main.cpp:330 ]: PassengerLoggingAgent online, listening at unix:/tmp/passenger.1.0.31662/generation-0/logging
[ 2013-07-24 20:04:23.1584 31663/7f1d7ddb9740 agents/Watchdog/Main.cpp:626 ]: All Phusion Passenger agents started!
[ 2013-07-24 20:05:06.3330 31759/7f27795ef740 agents/Watchdog/Main.cpp:445 ]: Options: { 'analytics_log_user' => 'nobody', 'default_group' => 'mwatha', 'default_python' => 'python', 'default_ruby' => '/usr/bin/ruby1.8', 'default_user' => 'mwatha', 'log_level' => '0', 'max_instances_per_app' => '0', 'max_pool_size' => '6', 'passenger_root' => '/tmp/passenger-standalone.15b9ajg/locations.ini', 'pool_idle_time' => '300', 'prestart_urls' => 'aHR0cDovLzAuMC4wLjA6MzAwMAA=', 'temp_dir' => '/tmp', 'union_station_gateway_address' => 'gateway.unionstationapp.com', 'union_station_gateway_port' => '443', 'user_switching' => 'false', 'web_server_pid' => '31758', 'web_server_type' => 'nginx', 'web_server_worker_gid' => '-1', 'web_server_worker_uid' => '-1' }
[ 2013-07-24 20:05:06.3400 31762/7f2fee74c740 agents/HelperAgent/Main.cpp:596 ]: PassengerHelperAgent online, listening at unix:/tmp/passenger.1.0.31758/generation-0/request
[ 2013-07-24 20:05:06.3529 31768/7f9b77936740 agents/LoggingAgent/Main.cpp:330 ]: PassengerLoggingAgent online, listening at unix:/tmp/passenger.1.0.31758/generation-0/logging
[ 2013-07-24 20:05:06.3534 31759/7f27795ef740 agents/Watchdog/Main.cpp:626 ]: All Phusion Passenger agents started!
[ 2013-07-24 20:05:08.3649 31762/7f2fee666700 Pool2/Spawner.h:738 ]: [App 31789 stdout] 
[ 2013-07-24 20:05:10.0981 31762/7f2fee666700 Pool2/SmartSpawner.h:301 ]: Preloader for /var/www/ePICS started on PID 31789, listening on unix:/tmp/passenger.1.0.31758/generation-0/backends/preloader.31789
[ 2013-07-24 20:05:46.5558 31842/7f6a5e6ee740 agents/Watchdog/Main.cpp:445 ]: Options: { 'analytics_log_user' => 'nobody', 'default_group' => 'mwatha', 'default_python' => 'python', 'default_ruby' => '/usr/bin/ruby1.8', 'default_user' => 'mwatha', 'log_level' => '0', 'max_instances_per_app' => '0', 'max_pool_size' => '6', 'passenger_root' => '/tmp/passenger-standalone.ihfcgi/locations.ini', 'pool_idle_time' => '300', 'prestart_urls' => 'aHR0cDovLzAuMC4wLjA6MzAwMAA=', 'temp_dir' => '/tmp', 'union_station_gateway_address' => 'gateway.unionstationapp.com', 'union_station_gateway_port' => '443', 'user_switching' => 'false', 'web_server_pid' => '31841', 'web_server_type' => 'nginx', 'web_server_worker_gid' => '-1', 'web_server_worker_uid' => '-1' }
[ 2013-07-24 20:05:46.5605 31845/7f1f37a20740 agents/HelperAgent/Main.cpp:596 ]: PassengerHelperAgent online, listening at unix:/tmp/passenger.1.0.31841/generation-0/request
[ 2013-07-24 20:05:46.5669 31851/7fd75497c740 agents/LoggingAgent/Main.cpp:330 ]: PassengerLoggingAgent online, listening at unix:/tmp/passenger.1.0.31841/generation-0/logging
[ 2013-07-24 20:05:46.5673 31842/7f6a5e6ee740 agents/Watchdog/Main.cpp:626 ]: All Phusion Passenger agents started!
/usr/lib/ruby/gems/1.8/gems/passenger-4.0.8/helper-scripts/prespawn:105:in `initialize': Connection refused - connect(2) (Errno::ECONNREFUSED)
	from /usr/lib/ruby/gems/1.8/gems/passenger-4.0.8/helper-scripts/prespawn:105:in `new'
	from /usr/lib/ruby/gems/1.8/gems/passenger-4.0.8/helper-scripts/prespawn:105:in `connect'
	from /usr/lib/ruby/gems/1.8/gems/passenger-4.0.8/helper-scripts/prespawn:86:in `socket'
	from /usr/lib/ruby/gems/1.8/gems/passenger-4.0.8/helper-scripts/prespawn:90:in `head_request'
	from /usr/lib/ruby/gems/1.8/gems/passenger-4.0.8/helper-scripts/prespawn:145
[ 2013-07-24 20:06:04.4720 31906/7f827fcae740 agents/Watchdog/Main.cpp:445 ]: Options: { 'analytics_log_user' => 'nobody', 'default_group' => 'mwatha', 'default_python' => 'python', 'default_ruby' => '/usr/bin/ruby1.8', 'default_user' => 'mwatha', 'log_level' => '0', 'max_instances_per_app' => '0', 'max_pool_size' => '6', 'passenger_root' => '/tmp/passenger-standalone.otolkh/locations.ini', 'pool_idle_time' => '300', 'prestart_urls' => 'aHR0cDovLzAuMC4wLjA6MzAwMAA=', 'temp_dir' => '/tmp', 'union_station_gateway_address' => 'gateway.unionstationapp.com', 'union_station_gateway_port' => '443', 'user_switching' => 'false', 'web_server_pid' => '31905', 'web_server_type' => 'nginx', 'web_server_worker_gid' => '-1', 'web_server_worker_uid' => '-1' }
[ 2013-07-24 20:06:04.4801 31909/7ffb4fc9f740 agents/HelperAgent/Main.cpp:596 ]: PassengerHelperAgent online, listening at unix:/tmp/passenger.1.0.31905/generation-0/request
[ 2013-07-24 20:06:04.4934 31915/7f2fb03c2740 agents/LoggingAgent/Main.cpp:330 ]: PassengerLoggingAgent online, listening at unix:/tmp/passenger.1.0.31905/generation-0/logging
[ 2013-07-24 20:06:04.4939 31906/7f827fcae740 agents/Watchdog/Main.cpp:626 ]: All Phusion Passenger agents started!
[ 2013-07-24 20:06:06.5022 31909/7ffb4fbb9700 Pool2/Spawner.h:738 ]: [App 31936 stdout] 
[ 2013-07-24 20:06:08.1920 31909/7ffb4fbb9700 Pool2/SmartSpawner.h:301 ]: Preloader for /var/www/ePICS started on PID 31936, listening on unix:/tmp/passenger.1.0.31905/generation-0/backends/preloader.31936
[ 2013-07-24 20:07:29.6373 31992/7fa6bd288740 agents/Watchdog/Main.cpp:445 ]: Options: { 'analytics_log_user' => 'nobody', 'default_group' => 'mwatha', 'default_python' => 'python', 'default_ruby' => '/usr/bin/ruby1.8', 'default_user' => 'mwatha', 'log_level' => '0', 'max_instances_per_app' => '0', 'max_pool_size' => '6', 'passenger_root' => '/tmp/passenger-standalone.ube1km/locations.ini', 'pool_idle_time' => '300', 'prestart_urls' => 'aHR0cDovLzAuMC4wLjA6MzAwMAA=', 'temp_dir' => '/tmp', 'union_station_gateway_address' => 'gateway.unionstationapp.com', 'union_station_gateway_port' => '443', 'user_switching' => 'false', 'web_server_pid' => '31991', 'web_server_type' => 'nginx', 'web_server_worker_gid' => '-1', 'web_server_worker_uid' => '-1' }
[ 2013-07-24 20:07:29.6417 31995/7f8638f1d740 agents/HelperAgent/Main.cpp:596 ]: PassengerHelperAgent online, listening at unix:/tmp/passenger.1.0.31991/generation-0/request
[ 2013-07-24 20:07:29.6549 32001/7fa78ae48740 agents/LoggingAgent/Main.cpp:330 ]: PassengerLoggingAgent online, listening at unix:/tmp/passenger.1.0.31991/generation-0/logging
[ 2013-07-24 20:07:29.6554 31992/7fa6bd288740 agents/Watchdog/Main.cpp:626 ]: All Phusion Passenger agents started!
[ 2013-07-24 20:07:31.6685 31995/7f8638e37700 Pool2/Spawner.h:738 ]: [App 32022 stdout] 
[ 2013-07-24 20:07:33.2720 31995/7f8638e37700 Pool2/SmartSpawner.h:301 ]: Preloader for /var/www/ePICS started on PID 32022, listening on unix:/tmp/passenger.1.0.31991/generation-0/backends/preloader.32022
[ 2013-07-24 20:08:29.2906 32074/7f0ac6ac0740 agents/Watchdog/Main.cpp:445 ]: Options: { 'analytics_log_user' => 'nobody', 'default_group' => 'mwatha', 'default_python' => 'python', 'default_ruby' => '/usr/bin/ruby1.8', 'default_user' => 'mwatha', 'log_level' => '0', 'max_instances_per_app' => '0', 'max_pool_size' => '6', 'passenger_root' => '/tmp/passenger-standalone.1j55uyi/locations.ini', 'pool_idle_time' => '300', 'prestart_urls' => 'aHR0cDovLzAuMC4wLjA6MzAwMAA=', 'temp_dir' => '/tmp', 'union_station_gateway_address' => 'gateway.unionstationapp.com', 'union_station_gateway_port' => '443', 'user_switching' => 'false', 'web_server_pid' => '32073', 'web_server_type' => 'nginx', 'web_server_worker_gid' => '-1', 'web_server_worker_uid' => '-1' }
[ 2013-07-24 20:08:29.2993 32077/7ffbb458a740 agents/HelperAgent/Main.cpp:596 ]: PassengerHelperAgent online, listening at unix:/tmp/passenger.1.0.32073/generation-0/request
[ 2013-07-24 20:08:29.3060 32083/7fac328ed740 agents/LoggingAgent/Main.cpp:330 ]: PassengerLoggingAgent online, listening at unix:/tmp/passenger.1.0.32073/generation-0/logging
[ 2013-07-24 20:08:29.3064 32074/7f0ac6ac0740 agents/Watchdog/Main.cpp:626 ]: All Phusion Passenger agents started!
[ 2013-07-24 20:08:31.3281 32077/7ffbb44a4700 Pool2/Spawner.h:738 ]: [App 32104 stdout] 
[ 2013-07-24 20:08:33.0167 32077/7ffbb44a4700 Pool2/SmartSpawner.h:301 ]: Preloader for /var/www/ePICS started on PID 32104, listening on unix:/tmp/passenger.1.0.32073/generation-0/backends/preloader.32104
[ 2013-07-24 20:16:34.2536 32077/7ffbb44e5700 Pool2/Spawner.h:738 ]: [App 32610 stdout] 
[ 2013-07-24 20:16:35.9005 32077/7ffbb44e5700 Pool2/SmartSpawner.h:301 ]: Preloader for /var/www/ePICS started on PID 32610, listening on unix:/tmp/passenger.1.0.32073/generation-0/backends/preloader.32610
[ 2013-07-24 20:29:25.8960 688/7f4517917740 agents/Watchdog/Main.cpp:445 ]: Options: { 'analytics_log_user' => 'nobody', 'default_group' => 'mwatha', 'default_python' => 'python', 'default_ruby' => '/usr/bin/ruby1.8', 'default_user' => 'mwatha', 'log_level' => '0', 'max_instances_per_app' => '0', 'max_pool_size' => '6', 'passenger_root' => '/tmp/passenger-standalone.141qt3u/locations.ini', 'pool_idle_time' => '300', 'prestart_urls' => 'aHR0cDovLzAuMC4wLjA6MzAwMAA=', 'temp_dir' => '/tmp', 'union_station_gateway_address' => 'gateway.unionstationapp.com', 'union_station_gateway_port' => '443', 'user_switching' => 'false', 'web_server_pid' => '687', 'web_server_type' => 'nginx', 'web_server_worker_gid' => '-1', 'web_server_worker_uid' => '-1' }
[ 2013-07-24 20:29:25.9002 691/7f2aa91fb740 agents/HelperAgent/Main.cpp:596 ]: PassengerHelperAgent online, listening at unix:/tmp/passenger.1.0.687/generation-0/request
[ 2013-07-24 20:29:25.9133 697/7f3c553f2740 agents/LoggingAgent/Main.cpp:330 ]: PassengerLoggingAgent online, listening at unix:/tmp/passenger.1.0.687/generation-0/logging
[ 2013-07-24 20:29:25.9137 688/7f4517917740 agents/Watchdog/Main.cpp:626 ]: All Phusion Passenger agents started!
[ 2013-07-24 20:29:27.9240 691/7f2aa9115700 Pool2/Spawner.h:738 ]: [App 718 stdout] 
[ 2013-07-24 20:29:29.5170 691/7f2aa9115700 Pool2/SmartSpawner.h:301 ]: Preloader for /var/www/ePICS started on PID 718, listening on unix:/tmp/passenger.1.0.687/generation-0/backends/preloader.718
[ 2013-07-24 20:35:14.2176 1047/7fb8aaecc740 agents/Watchdog/Main.cpp:445 ]: Options: { 'analytics_log_user' => 'nobody', 'default_group' => 'mwatha', 'default_python' => 'python', 'default_ruby' => '/usr/bin/ruby1.8', 'default_user' => 'mwatha', 'log_level' => '0', 'max_instances_per_app' => '0', 'max_pool_size' => '6', 'passenger_root' => '/tmp/passenger-standalone.19696tc/locations.ini', 'pool_idle_time' => '300', 'prestart_urls' => 'aHR0cDovLzAuMC4wLjA6MzAwMAA=', 'temp_dir' => '/tmp', 'union_station_gateway_address' => 'gateway.unionstationapp.com', 'union_station_gateway_port' => '443', 'user_switching' => 'false', 'web_server_pid' => '1046', 'web_server_type' => 'nginx', 'web_server_worker_gid' => '-1', 'web_server_worker_uid' => '-1' }
[ 2013-07-24 20:35:14.2218 1050/7f66b4778740 agents/HelperAgent/Main.cpp:596 ]: PassengerHelperAgent online, listening at unix:/tmp/passenger.1.0.1046/generation-0/request
[ 2013-07-24 20:35:14.2277 1056/7f45f00ed740 agents/LoggingAgent/Main.cpp:330 ]: PassengerLoggingAgent online, listening at unix:/tmp/passenger.1.0.1046/generation-0/logging
[ 2013-07-24 20:35:14.2280 1047/7fb8aaecc740 agents/Watchdog/Main.cpp:626 ]: All Phusion Passenger agents started!
[ 2013-07-24 20:35:16.2475 1050/7f66b4692700 Pool2/Spawner.h:738 ]: [App 1083 stdout] 
[ 2013-07-24 20:35:17.8885 1050/7f66b4692700 Pool2/SmartSpawner.h:301 ]: Preloader for /var/www/ePICS started on PID 1083, listening on unix:/tmp/passenger.1.0.1046/generation-0/backends/preloader.1083
[ 2013-07-24 20:42:04.9157 1050/7f66b46d3700 Pool2/Spawner.h:738 ]: [App 1473 stdout] 
[ 2013-07-24 20:42:06.5571 1050/7f66b46d3700 Pool2/SmartSpawner.h:301 ]: Preloader for /var/www/ePICS started on PID 1473, listening on unix:/tmp/passenger.1.0.1046/generation-0/backends/preloader.1473
